<?xml version="1.0" encoding="UTF-8"?>
<!-- Generated by org.testng.reporters.JUnitXMLReporter -->
<testsuite ignored="0" hostname="FFE-Marabathula-Gopi-Vara-Prasad" failures="0" tests="2" name="Test-Runner-1" time="39.025" errors="0" timestamp="2025-08-21T10:23:47 IST">
  <testcase classname="NinzaCRM.CampaignModule.CreateCampaignTest" name="CreateCampaign" time="1.867"/>
  <testcase classname="NinzaCRM.CampaignModule.CreateCampaignTest" name="sample" time="0.002"/>
</testsuite> <!-- Test-Runner-1 -->
