<?xml version="1.0" encoding="UTF-8"?>
<!-- Generated by org.testng.reporters.JUnitXMLReporter -->
<testsuite ignored="0" hostname="FFE-Marabathula-Gopi-Vara-Prasad" failures="0" tests="2" name="Test-Runner-2" time="73.78" errors="0" timestamp="2025-08-21T10:24:21 IST">
  <testcase classname="NinzaCRM.CampaignModule.CreateCampaignTest" name="CreateCampaign" time="1.387"/>
  <testcase classname="NinzaCRM.CampaignModule.CreateCampaignTest" name="sample" time="0.003"/>
</testsuite> <!-- Test-Runner-2 -->
