<?xml version="1.0" encoding="UTF-8"?>
<!-- Generated by org.testng.reporters.JUnitReportReporter -->
<testsuite hostname="FFE-Marabathula-Gopi-Vara-Prasad" failures="0" tests="1" name="NinzaCRM.ContactModule.CreateContact" time="14.039" errors="0" timestamp="2025-08-21T13:01:21 IST" skipped="0">
  <testcase classname="NinzaCRM.ContactModule.CreateContact" name="CreateContactTest" time="14.039"/>
</testsuite> <!-- NinzaCRM.ContactModule.CreateContact -->
