<?xml version="1.0" encoding="UTF-8"?>
<!-- Generated by org.testng.reporters.JUnitReportReporter -->
<testsuite hostname="FFE-Marabathula-Gopi-Vara-Prasad" failures="0" tests="1" name="NinzaCRM.CampaignModule.CreateCampaignest" time="4.087" errors="0" timestamp="2025-08-14T10:38:52 IST" skipped="0">
  <testcase classname="NinzaCRM.CampaignModule.CreateCampaignest" name="CreateCampaignTest" time="4.087"/>
</testsuite> <!-- NinzaCRM.CampaignModule.CreateCampaignest -->
